0 ruch
----------------------
|                    |
|                    |
| ***                |
|  *                 |
|                    |
|                    |
|                    |
|                    |
|                    |
|                    |
----------------------
1 ruch
----------------------
|                    |
|  *                 |
| ***                |
| ***                |
|                    |
|                    |
|                    |
|                    |
|                    |
|                    |
----------------------
2 ruch
----------------------
|                    |
| ***                |
|                    |
| * *                |
|  *                 |
|                    |
|                    |
|                    |
|                    |
|                    |
----------------------
3 ruch
----------------------
|  *                 |
|  *                 |
| * *                |
|  *                 |
|  *                 |
|                    |
|                    |
|                    |
|                    |
|                    |
----------------------
4 ruch
----------------------
|                    |
| ***                |
| * *                |
| ***                |
|                    |
|                    |
|                    |
|                    |
|                    |
|                    |
----------------------
5 ruch
----------------------
|  *                 |
| * *                |
|*   *               |
| * *                |
|  *                 |
|                    |
|                    |
|                    |
|                    |
|                    |
----------------------
